<?xml version="1.0" encoding="UTF-8"?>
<!-- Generated by org.testng.reporters.JUnitReportReporter -->
<testsuite hostname="ndi-mb-063" failures="0" tests="3" name="selenium4.ShadowElementTests" time="38.853" errors="0" timestamp="2020-08-12T19:53:27 IST" skipped="1">
  <testcase classname="selenium4.ShadowElementTests" name="addItemToday" time="19.464"/>
  <system-out/>
  <testcase classname="selenium4.ShadowElementTests" name="addItemLater" time="19.389"/>
  <system-out/>
  <testcase classname="selenium4.ShadowElementTests" name="deleteItemLater">
    <skipped/>
  </testcase> <!-- deleteItemLater -->
  <system-out/>
</testsuite> <!-- selenium4.ShadowElementTests -->
